#
# A fatal error has been detected by the Java Runtime Environment:
#
#  Internal Error (classFileParser.cpp:3161), pid=4468, tid=4732
#  Error: ShouldNotReachHere()
#
# JRE version: 6.0_21-b07
# Java VM: Java HotSpot(TM) 64-Bit Server VM (17.0-b17 mixed mode windows-amd64 )
# If you would like to submit a bug report, please visit:
#   http://java.sun.com/webapps/bugreport/crash.jsp
#

---------------  T H R E A D  ---------------

Current thread (0x00000000005db000):  JavaThread "Unknown thread" [_thread_in_vm, id=4732, stack(0x0000000002390000,0x0000000002490000)]

Stack: [0x0000000002390000,0x0000000002490000]
[error occurred during error reporting (printing stack bounds), id 0xc0000005]


---------------  P R O C E S S  ---------------

Java Threads: ( => current thread )

Other Threads:

=>0x00000000005db000 (exited) JavaThread "Unknown thread" [_thread_in_vm, id=4732, stack(0x0000000002390000,0x0000000002490000)]

VM state:not at safepoint (not fully initialized)

VM Mutex/Monitor currently owned by a thread: None

Dynamic libraries:
0x0000000000400000 - 0x000000000042e000 	C:\Program Files\Java\jre6\bin\javaw.exe
0x0000000076f60000 - 0x000000007710b000 	C:\Windows\SYSTEM32\ntdll.dll
0x0000000076d40000 - 0x0000000076e5f000 	C:\Windows\system32\kernel32.dll
0x000007fefcf70000 - 0x000007fefcfdb000 	C:\Windows\system32\KERNELBASE.dll
0x000007feff190000 - 0x000007feff26b000 	C:\Windows\system32\ADVAPI32.dll
0x000007fefd2c0000 - 0x000007fefd35f000 	C:\Windows\system32\msvcrt.dll
0x000007fefd770000 - 0x000007fefd78f000 	C:\Windows\SYSTEM32\sechost.dll
0x000007fefde60000 - 0x000007fefdf8e000 	C:\Windows\system32\RPCRT4.dll
0x0000000076e60000 - 0x0000000076f5a000 	C:\Windows\system32\USER32.dll
0x000007fefd700000 - 0x000007fefd767000 	C:\Windows\system32\GDI32.dll
0x000007fefdf90000 - 0x000007fefdf9e000 	C:\Windows\system32\LPK.dll
0x000007fefd8a0000 - 0x000007fefd96a000 	C:\Windows\system32\USP10.dll
0x000007fefd290000 - 0x000007fefd2be000 	C:\Windows\system32\IMM32.DLL
0x000007fefd790000 - 0x000007fefd899000 	C:\Windows\system32\MSCTF.dll
0x000000006d7f0000 - 0x000000006dec1000 	C:\Program Files\Java\jre6\bin\server\jvm.dll
0x000007fef8c10000 - 0x000007fef8c4b000 	C:\Windows\system32\WINMM.dll
0x000000006d760000 - 0x000000006d76e000 	C:\Program Files\Java\jre6\bin\verify.dll
0x000000006d3b0000 - 0x000000006d3d7000 	C:\Program Files\Java\jre6\bin\java.dll
0x000000006d310000 - 0x000000006d31a000 	C:\Program Files\Java\jre6\bin\hpi.dll
0x0000000077120000 - 0x0000000077127000 	C:\Windows\system32\PSAPI.DLL
0x000000006d7b0000 - 0x000000006d7c2000 	C:\Program Files\Java\jre6\bin\zip.dll

VM Arguments:
jvm_args: -Dfile.encoding=Cp1252 -Xbootclasspath:C:\Program Files\android-sdk-windows\platforms\android-8\android.jar 
java_command: fmi.android.game.backgammon.client.Board
Launcher Type: SUN_STANDARD

Environment Variables:
PATH=C:\Windows\system32;C:\Windows;C:\Windows\System32\Wbem;C:\Windows\System32\WindowsPowerShell\v1.0\;C:\Program Files (x86)\Microsoft SQL Server\100\Tools\Binn\;C:\Program Files\Microsoft SQL Server\100\Tools\Binn\;C:\Program Files\Microsoft SQL Server\100\DTS\Binn\;C:\Program Files\Broadcom\Broadcom 802.11\Driver;C:\Program Files\WIDCOMM\Bluetooth Software\;C:\Program Files\WIDCOMM\Bluetooth Software\syswow64
USERNAME=Dikov
OS=Windows_NT
PROCESSOR_IDENTIFIER=Intel64 Family 6 Model 15 Stepping 13, GenuineIntel



---------------  S Y S T E M  ---------------

OS: Windows 7 Build 7600 

CPU:total 2 (2 cores per cpu, 1 threads per core) family 6 model 15 stepping 13, cmov, cx8, fxsr, mmx, sse, sse2, sse3, ssse3

Memory: 4k page, physical 3073296k(1300404k free), swap 6144692k(3824192k free)

vm_info: Java HotSpot(TM) 64-Bit Server VM (17.0-b17) for windows-amd64 JRE (1.6.0_21-b07), built on Jul 17 2010 01:05:36 by "java_re" with MS VC++ 8.0 (VS2005)

time: Thu Nov 11 18:47:04 2010
elapsed time: 0 seconds

